[    0.000000] Linux version 4.15.0-171-generic (buildd@ubuntu) (gcc version 7.5.0 (Ubuntu 7.5.0-3ubuntu1~18.04)) #180-Ubuntu SMP Wed Mar 2 17:25:05 UTC 2022 (Ubuntu 4.15.0-171.180-generic 4.15.18)
[    0.000000] Command line: BOOT_IMAGE=/boot/vmlinuz-4.15.0-171-generic root=LABEL=cloudimg-rootfs ro console=tty1 console=ttyS0
[    0.000000] KERNEL supported cpus:
[    0.000000]   Intel GenuineIntel
[    0.000000]   AMD AuthenticAMD
[    0.000000]   Centaur CentaurHauls
[    0.000000] x86/fpu: Supporting XSAVE feature 0x001: 'x87 floating point registers'
[    0.000000] x86/fpu: Supporting XSAVE feature 0x002: 'SSE registers'
[    0.000000] x86/fpu: Supporting XSAVE feature 0x004: 'AVX registers'
[    0.000000] x86/fpu: xstate_offset[2]:  576, xstate_sizes[2]:  256
[    0.000000] x86/fpu: Enabled xstate features 0x7, context size is 832 bytes, using 'standard' format.
[    0.000000] e820: BIOS-provided physical RAM map:
[    0.000000] BIOS-e820: [mem 0x0000000000000000-0x000000000009fbff] usable
[    0.000000] BIOS-e820: [mem 0x000000000009fc00-0x000000000009ffff] reserved
[    0.000000] BIOS-e820: [mem 0x00000000000f0000-0x00000000000fffff] reserved
[    0.000000] BIOS-e820: [mem 0x0000000000100000-0x000000003ffeffff] usable
[    0.000000] BIOS-e820: [mem 0x000000003fff0000-0x000000003fffffff] ACPI data
[    0.000000] BIOS-e820: [mem 0x00000000fec00000-0x00000000fec00fff] reserved
[    0.000000] BIOS-e820: [mem 0x00000000fee00000-0x00000000fee00fff] reserved
[    0.000000] BIOS-e820: [mem 0x00000000fffc0000-0x00000000ffffffff] reserved
[    0.000000] NX (Execute Disable) protection: active
[    0.000000] SMBIOS 2.5 present.
[    0.000000] DMI: innotek GmbH VirtualBox/VirtualBox, BIOS VirtualBox 12/01/2006
[    0.000000] Hypervisor detected: KVM
[    0.000000] e820: last_pfn = 0x3fff0 max_arch_pfn = 0x400000000
[    0.000000] MTRR: Disabled
[    0.000000] x86/PAT: MTRRs disabled, skipping PAT initialization too.
[    0.000000] CPU MTRRs all blank - virtualized system.
[    0.000000] x86/PAT: Configuration [0-7]: WB  WT  UC- UC  WB  WT  UC- UC  
[    0.000000] found SMP MP-table at [mem 0x0009fff0-0x0009ffff]
[    0.000000] Scanning 1 areas for low memory corruption
[    0.000000] RAMDISK: [mem 0x359cb000-0x36cdcfff]
[    0.000000] ACPI: Early table checksum verification disabled
[    0.000000] ACPI: RSDP 0x00000000000E0000 000024 (v02 VBOX  )
[    0.000000] ACPI: XSDT 0x000000003FFF0030 00003C (v01 VBOX   VBOXXSDT 00000001 ASL  00000061)
[    0.000000] ACPI: FACP 0x000000003FFF00F0 0000F4 (v04 VBOX   VBOXFACP 00000001 ASL  00000061)
[    0.000000] ACPI: DSDT 0x000000003FFF0470 002325 (v02 VBOX   VBOXBIOS 00000002 INTL 20190509)
[    0.000000] ACPI: FACS 0x000000003FFF0200 000040
[    0.000000] ACPI: FACS 0x000000003FFF0200 000040
[    0.000000] ACPI: APIC 0x000000003FFF0240 00005C (v02 VBOX   VBOXAPIC 00000001 ASL  00000061)
[    0.000000] ACPI: SSDT 0x000000003FFF02A0 0001CC (v01 VBOX   VBOXCPUT 00000002 INTL 20190509)
[    0.000000] ACPI: Reserving FACP table memory at [mem 0x3fff00f0-0x3fff01e3]
[    0.000000] ACPI: Reserving DSDT table memory at [mem 0x3fff0470-0x3fff2794]
[    0.000000] ACPI: Reserving FACS table memory at [mem 0x3fff0200-0x3fff023f]
[    0.000000] ACPI: Reserving FACS table memory at [mem 0x3fff0200-0x3fff023f]
[    0.000000] ACPI: Reserving APIC table memory at [mem 0x3fff0240-0x3fff029b]
[    0.000000] ACPI: Reserving SSDT table memory at [mem 0x3fff02a0-0x3fff046b]
[    0.000000] No NUMA configuration found
[    0.000000] Faking a node at [mem 0x0000000000000000-0x000000003ffeffff]
[    0.000000] NODE_DATA(0) allocated [mem 0x3ffc5000-0x3ffeffff]
[    0.000000] kvm-clock: cpu 0, msr 0:3ff44001, primary cpu clock
[    0.000000] kvm-clock: Using msrs 4b564d01 and 4b564d00
[    0.000000] kvm-clock: using sched offset of 4343536650 cycles
[    0.000000] clocksource: kvm-clock: mask: 0xffffffffffffffff max_cycles: 0x1cd42e4dffb, max_idle_ns: 881590591483 ns
[    0.000000] Zone ranges:
[    0.000000]   DMA      [mem 0x0000000000001000-0x0000000000ffffff]
[    0.000000]   DMA32    [mem 0x0000000001000000-0x000000003ffeffff]
[    0.000000]   Normal   empty
[    0.000000]   Device   empty
[    0.000000] Movable zone start for each node
[    0.000000] Early memory node ranges
[    0.000000]   node   0: [mem 0x0000000000001000-0x000000000009efff]
[    0.000000]   node   0: [mem 0x0000000000100000-0x000000003ffeffff]
[    0.000000] Reserved but unavailable: 104 pages
[    0.000000] Initmem setup node 0 [mem 0x0000000000001000-0x000000003ffeffff]
[    0.000000] ACPI: PM-Timer IO Port: 0x4008
[    0.000000] IOAPIC[0]: apic_id 2, version 32, address 0xfec00000, GSI 0-23
[    0.000000] ACPI: INT_SRC_OVR (bus 0 bus_irq 0 global_irq 2 dfl dfl)
[    0.000000] ACPI: INT_SRC_OVR (bus 0 bus_irq 9 global_irq 9 low level)
[    0.000000] Using ACPI (MADT) for SMP configuration information
[    0.000000] smpboot: Allowing 2 CPUs, 0 hotplug CPUs
[    0.000000] PM: Registered nosave memory: [mem 0x00000000-0x00000fff]
[    0.000000] PM: Registered nosave memory: [mem 0x0009f000-0x0009ffff]
[    0.000000] PM: Registered nosave memory: [mem 0x000a0000-0x000effff]
[    0.000000] PM: Registered nosave memory: [mem 0x000f0000-0x000fffff]
[    0.000000] e820: [mem 0x40000000-0xfebfffff] available for PCI devices
[    0.000000] Booting paravirtualized kernel on KVM
[    0.000000] clocksource: refined-jiffies: mask: 0xffffffff max_cycles: 0xffffffff, max_idle_ns: 7645519600211568 ns
[    0.000000] random: get_random_bytes called from start_kernel+0x99/0x500 with crng_init=0
[    0.000000] setup_percpu: NR_CPUS:8192 nr_cpumask_bits:2 nr_cpu_ids:2 nr_node_ids:1
[    0.000000] percpu: Embedded 50 pages/cpu s167936 r8192 d28672 u1048576
[    0.000000] PV qspinlock hash table entries: 256 (order: 0, 4096 bytes)
[    0.000000] Built 1 zonelists, mobility grouping on.  Total pages: 257913
[    0.000000] Policy zone: DMA32
[    0.000000] Kernel command line: BOOT_IMAGE=/boot/vmlinuz-4.15.0-171-generic root=LABEL=cloudimg-rootfs ro console=tty1 console=ttyS0
[    0.000000] Memory: 982640K/1048120K available (12300K kernel code, 2483K rwdata, 4324K rodata, 2476K init, 2724K bss, 65480K reserved, 0K cma-reserved)
[    0.000000] SLUB: HWalign=64, Order=0-3, MinObjects=0, CPUs=2, Nodes=1
[    0.000000] Kernel/User page tables isolation: enabled
[    0.000000] ftrace: allocating 39503 entries in 155 pages
[    0.004000] Hierarchical RCU implementation.
[    0.004000] 	RCU restricting CPUs from NR_CPUS=8192 to nr_cpu_ids=2.
[    0.004000] 	Tasks RCU enabled.
[    0.004000] RCU: Adjusting geometry for rcu_fanout_leaf=16, nr_cpu_ids=2
[    0.004000] NR_IRQS: 524544, nr_irqs: 440, preallocated irqs: 16
[    0.004000] Console: colour VGA+ 80x25
[    0.004000] console [tty1] enabled
[    0.004000] console [ttyS0] enabled
[    0.004000] ACPI: Core revision 20170831
[    0.004000] ACPI: 2 ACPI AML tables successfully acquired and loaded
[    0.004000] APIC: Switch to symmetric I/O mode setup
[    0.004000] x2apic enabled
[    0.004000] Switched APIC routing to physical x2apic.
[    0.006142] ..TIMER: vector=0x30 apic1=0 pin1=2 apic2=-1 pin2=-1
[    0.008004] tsc: Detected 1799.997 MHz processor
[    0.009457] Calibrating delay loop (skipped) preset value.. 3599.99 BogoMIPS (lpj=7199988)
[    0.012005] pid_max: default: 32768 minimum: 301
[    0.013510] Security Framework initialized
[    0.014826] Yama: becoming mindful.
[    0.016037] AppArmor: AppArmor initialized
[    0.017608] Dentry cache hash table entries: 131072 (order: 8, 1048576 bytes)
[    0.020098] Inode-cache hash table entries: 65536 (order: 7, 524288 bytes)
[    0.022181] Mount-cache hash table entries: 2048 (order: 2, 16384 bytes)
[    0.024009] Mountpoint-cache hash table entries: 2048 (order: 2, 16384 bytes)
[    0.026616] Last level iTLB entries: 4KB 64, 2MB 8, 4MB 8
[    0.028004] Last level dTLB entries: 4KB 64, 2MB 0, 4MB 0, 1GB 4
[    0.029850] Spectre V1 : Mitigation: usercopy/swapgs barriers and __user pointer sanitization
[    0.032004] Spectre V2 : Mitigation: Retpolines
[    0.033441] Spectre V2 : Spectre v2 / SpectreRSB mitigation: Filling RSB on context switch
[    0.036003] Speculative Store Bypass: Vulnerable
[    0.037548] SRBDS: Unknown: Dependent on hypervisor status
[    0.040003] MDS: Mitigation: Clear CPU buffers
[    0.044309] Freeing SMP alternatives memory: 36K
[    0.158788] smpboot: CPU0: Intel(R) Core(TM) i5-8265U CPU @ 1.60GHz (family: 0x6, model: 0x8e, stepping: 0xc)
[    0.160000] Performance Events: unsupported p6 CPU model 142 no PMU driver, software events only.
[    0.160075] Hierarchical SRCU implementation.
[    0.164520] NMI watchdog: Perf event create on CPU 0 failed with -2
[    0.166448] NMI watchdog: Perf NMI watchdog permanently disabled
[    0.168085] smp: Bringing up secondary CPUs ...
[    0.169694] x86: Booting SMP configuration:
[    0.171052] .... node  #0, CPUs:      #1
[    0.004000] kvm-clock: cpu 1, msr 0:3ff44041, secondary cpu clock
[    0.176049] smp: Brought up 1 node, 2 CPUs
[    0.177352] smpboot: Max logical packages: 1
[    0.178729] smpboot: Total of 2 processors activated (7199.98 BogoMIPS)
[    0.180195] devtmpfs: initialized
[    0.181204] x86/mm: Memory block size: 128MB
[    0.184245] evm: security.selinux
[    0.185380] evm: security.SMACK64
[    0.186488] evm: security.SMACK64EXEC
[    0.188005] evm: security.SMACK64TRANSMUTE
[    0.189330] evm: security.SMACK64MMAP
[    0.190524] evm: security.apparmor
[    0.192004] evm: security.ima
[    0.193016] evm: security.capability
[    0.194294] clocksource: jiffies: mask: 0xffffffff max_cycles: 0xffffffff, max_idle_ns: 7645041785100000 ns
[    0.196026] futex hash table entries: 512 (order: 3, 32768 bytes)
[    0.200064] pinctrl core: initialized pinctrl subsystem
[    0.202780] RTC time: 22:11:54, date: 04/26/22
[    0.204266] NET: Registered protocol family 16
[    0.205814] audit: initializing netlink subsys (disabled)
[    0.207526] audit: type=2000 audit(1651011120.977:1): state=initialized audit_enabled=0 res=1
[    0.208182] cpuidle: using governor ladder
[    0.212021] cpuidle: using governor menu
[    0.213346] ACPI: bus type PCI registered
[    0.214649] acpiphp: ACPI Hot Plug PCI Controller Driver version: 0.5
[    0.216157] PCI: Using configuration type 1 for base access
[    0.220478] HugeTLB registered 2.00 MiB page size, pre-allocated 0 pages
[    0.222120] ACPI: Added _OSI(Module Device)
[    0.224006] ACPI: Added _OSI(Processor Device)
[    0.225411] ACPI: Added _OSI(3.0 _SCP Extensions)
[    0.226891] ACPI: Added _OSI(Processor Aggregator Device)
[    0.228004] ACPI: Added _OSI(Linux-Dell-Video)
[    0.229432] ACPI: Added _OSI(Linux-Lenovo-NV-HDMI-Audio)
[    0.232004] ACPI: Added _OSI(Linux-HPI-Hybrid-Graphics)
[    0.234109] ACPI: Executed 1 blocks of module-level executable AML code
[    0.242063] ACPI: Interpreter enabled
[    0.243301] ACPI: (supports S0 S5)
[    0.244007] ACPI: Using IOAPIC for interrupt routing
[    0.245976] PCI: Using host bridge windows from ACPI; if necessary, use "pci=nocrs" and report a bug
[    0.248293] ACPI: Enabled 2 GPEs in block 00 to 07
[    0.261359] ACPI: PCI Root Bridge [PCI0] (domain 0000 [bus 00-ff])
[    0.263296] acpi PNP0A03:00: _OSC: OS supports [ASPM ClockPM Segments MSI]
[    0.264855] acpi PNP0A03:00: _OSC: not requesting OS control; OS requires [ExtendedConfig ASPM ClockPM MSI]
[    0.268021] acpi PNP0A03:00: fail to add MMCONFIG information, can't access extended PCI configuration space under this bridge.
[    0.272677] PCI host bridge to bus 0000:00
[    0.273980] pci_bus 0000:00: root bus resource [io  0x0000-0x0cf7 window]
[    0.276006] pci_bus 0000:00: root bus resource [io  0x0d00-0xffff window]
[    0.278084] pci_bus 0000:00: root bus resource [mem 0x000a0000-0x000bffff window]
[    0.280005] pci_bus 0000:00: root bus resource [mem 0x40000000-0xfdffffff window]
[    0.284006] pci_bus 0000:00: root bus resource [bus 00-ff]
[    0.290518] pci 0000:00:01.1: legacy IDE quirk: reg 0x10: [io  0x01f0-0x01f7]
[    0.292006] pci 0000:00:01.1: legacy IDE quirk: reg 0x14: [io  0x03f6]
[    0.294018] pci 0000:00:01.1: legacy IDE quirk: reg 0x18: [io  0x0170-0x0177]
[    0.296005] pci 0000:00:01.1: legacy IDE quirk: reg 0x1c: [io  0x0376]
[    0.321192] pci 0000:00:07.0: quirk: [io  0x4000-0x403f] claimed by PIIX4 ACPI
[    0.323696] pci 0000:00:07.0: quirk: [io  0x4100-0x410f] claimed by PIIX4 SMB
[    0.340737] ACPI: PCI Interrupt Link [LNKA] (IRQs 5 9 10 *11)
[    0.343255] ACPI: PCI Interrupt Link [LNKB] (IRQs 5 9 *10 11)
[    0.344203] ACPI: PCI Interrupt Link [LNKC] (IRQs 5 *9 10 11)
[    0.346182] ACPI: PCI Interrupt Link [LNKD] (IRQs 5 9 10 *11)
[    0.348648] SCSI subsystem initialized
[    0.349971] pci 0000:00:02.0: vgaarb: setting as boot VGA device
[    0.349971] pci 0000:00:02.0: vgaarb: VGA device added: decodes=io+mem,owns=io+mem,locks=none
[    0.352021] pci 0000:00:02.0: vgaarb: bridge control possible
[    0.353835] vgaarb: loaded
[    0.354822] ACPI: bus type USB registered
[    0.356040] usbcore: registered new interface driver usbfs
[    0.357766] usbcore: registered new interface driver hub
[    0.359428] usbcore: registered new device driver usb
[    0.360091] EDAC MC: Ver: 3.0.0
[    0.361478] PCI: Using ACPI for IRQ routing
[    0.364479] NetLabel: Initializing
[    0.365644] NetLabel:  domain hash size = 128
[    0.367029] NetLabel:  protocols = UNLABELED CIPSOv4 CALIPSO
[    0.368032] NetLabel:  unlabeled traffic allowed by default
[    0.369807] clocksource: Switched to clocksource kvm-clock
[    0.389663] VFS: Disk quotas dquot_6.6.0
[    0.391173] VFS: Dquot-cache hash table entries: 512 (order 0, 4096 bytes)
[    0.393476] AppArmor: AppArmor Filesystem Enabled
[    0.395003] pnp: PnP ACPI init
[    0.397738] pnp: PnP ACPI: found 3 devices
[    0.409840] clocksource: acpi_pm: mask: 0xffffff max_cycles: 0xffffff, max_idle_ns: 2085701024 ns
[    0.412121] NET: Registered protocol family 2
[    0.414243] IP idents hash table entries: 16384 (order: 5, 131072 bytes)
[    0.420034] TCP established hash table entries: 8192 (order: 4, 65536 bytes)
[    0.422306] TCP bind hash table entries: 8192 (order: 5, 131072 bytes)
[    0.424371] TCP: Hash tables configured (established 8192 bind 8192)
[    0.426354] UDP hash table entries: 512 (order: 2, 16384 bytes)
[    0.428205] UDP-Lite hash table entries: 512 (order: 2, 16384 bytes)
[    0.430247] NET: Registered protocol family 1
[    0.431667] pci 0000:00:00.0: Limiting direct PCI/PCI transfers
[    0.433590] pci 0000:00:01.0: Activating ISA DMA hang workarounds
[    0.435536] pci 0000:00:02.0: Video device with shadowed ROM at [mem 0x000c0000-0x000dffff]
[    0.438336] Unpacking initramfs...
[    1.001272] Freeing initrd memory: 19528K
[    1.002971] clocksource: tsc: mask: 0xffffffffffffffff max_cycles: 0x19f226b2958, max_idle_ns: 440795203083 ns
[    1.006159] platform rtc_cmos: registered platform RTC device (no PNP device found)
[    1.010726] Scanning for low memory corruption every 60 seconds
[    1.013706] Initialise system trusted keyrings
[    1.015349] Key type blacklist registered
[    1.017158] workingset: timestamp_bits=36 max_order=18 bucket_order=0
[    1.021121] zbud: loaded
[    1.023162] squashfs: version 4.0 (2009/01/31) Phillip Lougher
[    1.025598] fuse init (API version 7.26)
[    1.030038] Key type asymmetric registered
[    1.031527] Asymmetric key parser 'x509' registered
[    1.033336] Block layer SCSI generic (bsg) driver version 0.4 loaded (major 246)
[    1.036153] io scheduler noop registered
[    1.037574] io scheduler deadline registered
[    1.039259] io scheduler cfq registered (default)
[    1.041515] ACPI: AC Adapter [AC] (off-line)
[    1.043213] input: Power Button as /devices/LNXSYSTM:00/LNXPWRBN:00/input/input0
[    1.046163] ACPI: Power Button [PWRF]
[    1.047691] input: Sleep Button as /devices/LNXSYSTM:00/LNXSLPBN:00/input/input1
[    1.050521] ACPI: Sleep Button [SLPF]
[    1.052410] Serial: 8250/16550 driver, 32 ports, IRQ sharing enabled
[    1.054029] ACPI: Battery Slot [BAT0] (battery present)
[    1.079422] 00:02: ttyS0 at I/O 0x3f8 (irq = 4, base_baud = 115200) is a 16550A
[    1.084400] Linux agpgart interface v0.103
[    1.087851] loop: module loaded
[    1.090043] scsi host0: ata_piix
[    1.091508] scsi host1: ata_piix
[    1.092884] ata1: PATA max UDMA/33 cmd 0x1f0 ctl 0x3f6 bmdma 0xd000 irq 14
[    1.095355] ata2: PATA max UDMA/33 cmd 0x170 ctl 0x376 bmdma 0xd008 irq 15
[    1.098374] libphy: Fixed MDIO Bus: probed
[    1.099941] tun: Universal TUN/TAP device driver, 1.6
[    1.101971] PPP generic driver version 2.4.2
[    1.103654] ehci_hcd: USB 2.0 'Enhanced' Host Controller (EHCI) Driver
[    1.106090] ehci-pci: EHCI PCI platform driver
[    1.107799] ehci-platform: EHCI generic platform driver
[    1.109811] ohci_hcd: USB 1.1 'Open' Host Controller (OHCI) Driver
[    1.112062] ohci-pci: OHCI PCI platform driver
[    1.113803] ohci-platform: OHCI generic platform driver
[    1.115738] uhci_hcd: USB Universal Host Controller Interface driver
[    1.118208] i8042: PNP: PS/2 Controller [PNP0303:PS2K,PNP0f03:PS2M] at 0x60,0x64 irq 1,12
[    1.123523] serio: i8042 KBD port at 0x60,0x64 irq 1
[    1.125478] serio: i8042 AUX port at 0x60,0x64 irq 12
[    1.127468] mousedev: PS/2 mouse device common for all mice
[    1.129986] input: AT Translated Set 2 keyboard as /devices/platform/i8042/serio0/input/input2
[    1.133695] rtc_cmos rtc_cmos: rtc core: registered rtc_cmos as rtc0
[    1.135995] rtc_cmos rtc_cmos: alarms up to one day, 114 bytes nvram
[    1.138233] i2c /dev entries driver
[    1.139610] device-mapper: uevent: version 1.0.3
[    1.141482] device-mapper: ioctl: 4.37.0-ioctl (2017-09-20) initialised: dm-devel@redhat.com
[    1.144576] ledtrig-cpu: registered to indicate activity on CPUs
[    1.147305] NET: Registered protocol family 10
[    1.154781] Segment Routing with IPv6
[    1.156197] NET: Registered protocol family 17
[    1.157875] Key type dns_resolver registered
[    1.159736] mce: Using 0 MCE banks
[    1.161051] RAS: Correctable Errors collector initialized.
[    1.162976] sched_clock: Marking stable (1161009978, 0)->(1474570022, -313560044)
[    1.166375] registered taskstats version 1
[    1.167865] Loading compiled-in X.509 certificates
[    1.173372] Loaded X.509 cert 'Build time autogenerated kernel key: af32452646252a8bcb28446c2c4754d4174d97ad'
[    1.179156] Loaded X.509 cert 'Canonical Ltd. Live Patch Signing: 14df34d1a87cf37625abec039ef2bf521249b969'
[    1.183266] Loaded X.509 cert 'Canonical Ltd. Kernel Module Signing: 88f752e560a1e0737e31163a466ad7b70a850c19'
[    1.186386] blacklist: Loading compiled-in revocation X.509 certificates
[    1.188497] Loaded X.509 cert 'Canonical Ltd. Secure Boot Signing: 61482aa2830d0ab2ad5af10b7250da9033ddcef0'
[    1.191537] zswap: loaded using pool lzo/zbud
[    1.199137] Key type big_key registered
[    1.200570] Key type trusted registered
[    1.204700] Key type encrypted registered
[    1.206021] AppArmor: AppArmor sha1 policy hashing enabled
[    1.207748] ima: No TPM chip found, activating TPM-bypass! (rc=-19)
[    1.209742] ima: Allocated hash algorithm: sha1
[    1.211224] evm: HMAC attrs: 0x1
[    1.212748]   Magic number: 2:892:199
[    1.214112] rtc_cmos rtc_cmos: setting system clock to 2022-04-26 22:11:55 UTC (1651011115)
[    1.216930] BIOS EDD facility v0.16 2004-Jun-25, 0 devices found
[    1.218799] EDD information not available.
[    1.289563] Freeing unused kernel image memory: 2476K
[    1.343739] Write protecting the kernel read-only data: 20480k
[    1.349600] Freeing unused kernel image memory: 2008K
[    1.353652] Freeing unused kernel image memory: 1820K
[    1.380049] x86/mm: Checked W+X mappings: passed, no W+X pages found.
[    1.382122] x86/mm: Checking user space page tables
[    1.399211] x86/mm: Checked W+X mappings: passed, no W+X pages found.
Loading, please wait...
starting version 237
[    1.516141] e1000: Intel(R) PRO/1000 Network Driver - version 7.3.21-k8-NAPI
[    1.518602] e1000: Copyright (c) 1999-2006 Intel Corporation.
[    1.528784] Fusion MPT base driver 3.04.20
[    1.530434] Copyright (c) 1999-2008 LSI Corporation
[    1.538864] Fusion MPT SPI Host driver 3.04.20
[    1.562120] AVX2 version of gcm_enc/dec engaged.
[    1.563962] AES CTR mode by8 optimization enabled
[    1.750415] input: ImExPS/2 Generic Explorer Mouse as /devices/platform/i8042/serio1/input/input4
[    1.987784] e1000 0000:00:03.0 eth0: (PCI:33MHz:32-bit) 02:c8:d3:21:ca:c6
[    1.990293] e1000 0000:00:03.0 eth0: Intel(R) PRO/1000 Network Connection
[    1.994319] mptbase: ioc0: Initiating bringup
[    2.100754] ioc0: LSI53C1030 A0: Capabilities={Initiator}
[    2.352476] scsi host2: ioc0: LSI53C1030 A0, FwRev=00000000h, Ports=1, MaxQ=256, IRQ=20
[    2.526654] scsi 2:0:0:0: Direct-Access     VBOX     HARDDISK         1.0  PQ: 0 ANSI: 5
[    2.588224] scsi target2:0:0: Beginning Domain Validation
[    2.594894] scsi target2:0:0: Domain Validation skipping write tests
[    2.598846] scsi target2:0:0: Ending Domain Validation
[    2.602261] scsi target2:0:0: asynchronous
[    2.605885] scsi 2:0:1:0: Direct-Access     VBOX     HARDDISK         1.0  PQ: 0 ANSI: 5
[    2.948481] scsi target2:0:1: Beginning Domain Validation
[    2.951220] random: fast init done
[    2.952868] scsi target2:0:1: Domain Validation skipping write tests
[    2.954819] scsi target2:0:1: Ending Domain Validation
[    2.956527] scsi target2:0:1: asynchronous
[    2.962694] random: systemd-udevd: uninitialized urandom read (16 bytes read)
[    2.965034] random: systemd-udevd: uninitialized urandom read (16 bytes read)
[    2.969347] sd 2:0:0:0: [sda] 83886080 512-byte logical blocks: (42.9 GB/40.0 GiB)
[    2.972623] sd 2:0:0:0: [sda] Write Protect is off
[    2.974887] random: systemd-udevd: uninitialized urandom read (16 bytes read)
[    2.977247] sd 2:0:0:0: [sda] Incomplete mode parameter data
[    2.979220] sd 2:0:0:0: [sda] Assuming drive cache: write through
[    2.981273] sd 2:0:0:0: Attached scsi generic sg0 type 0
[    2.982488] e1000 0000:00:08.0 eth1: (PCI:33MHz:32-bit) 08:00:27:1a:c8:96
[    2.985120] e1000 0000:00:08.0 eth1: Intel(R) PRO/1000 Network Connection
[    2.987723] sd 2:0:1:0: Attached scsi generic sg1 type 0
[    2.989822] sd 2:0:1:0: [sdb] 20480 512-byte logical blocks: (10.5 MB/10.0 MiB)
[    2.991152] e1000 0000:00:03.0 enp0s3: renamed from eth0
[    2.994050] sd 2:0:1:0: [sdb] Write Protect is off
[    2.996100] sd 2:0:1:0: [sdb] Incomplete mode parameter data
[    2.997836] sd 2:0:1:0: [sdb] Assuming drive cache: write through
[    3.008514] e1000 0000:00:08.0 enp0s8: renamed from eth1
[    3.014789]  sda: sda1
[    3.017006] sd 2:0:0:0: [sda] Attached SCSI disk
[    3.037183] sd 2:0:1:0: [sdb] Attached SCSI disk
Begin: Loading essential drivers ... [    4.812105] raid6: sse2x1   gen()  5495 MB/s
[    4.860105] raid6: sse2x1   xor()  3260 MB/s
[    4.908100] raid6: sse2x2   gen()  6774 MB/s
[    4.956112] raid6: sse2x2   xor()  4372 MB/s
[    5.004107] raid6: sse2x4   gen()  7275 MB/s
[    5.052104] raid6: sse2x4   xor()  4447 MB/s
[    5.100095] raid6: avx2x1   gen() 11077 MB/s
[    5.148092] raid6: avx2x1   xor()  6411 MB/s
[    5.196096] raid6: avx2x2   gen() 12876 MB/s
[    5.244086] raid6: avx2x2   xor()  8263 MB/s
[    5.292084] raid6: avx2x4   gen() 14313 MB/s
[    5.340087] raid6: avx2x4   xor()  8907 MB/s
[    5.341642] raid6: using algorithm avx2x4 gen() 14313 MB/s
[    5.343384] raid6: .... xor() 8907 MB/s, rmw enabled
[    5.345021] raid6: using avx2x2 recovery algorithm
[    5.348879] xor: automatically using best checksumming function   avx       
[    5.352575] async_tx: api initialized (async)
done.
Begin: Running /scripts/init-premount ... done.
Begin: Mounting root file system ... Begin: Running /scripts/local-top ... done.
Begin: Running /scripts/local-premount ... [    5.434029] Btrfs loaded, crc32c=crc32c-intel
Scanning for Btrfs filesystems
done.
Warning: fsck not present, so skipping root file system
[    5.498822] EXT4-fs (sda1): mounted filesystem with ordered data mode. Opts: (null)
done.
Begin: Running /scripts/local-bottom ... done.
Begin: Running /scripts/init-bottom ... done.
[    6.149000] ip_tables: (C) 2000-2006 Netfilter Core Team
[    6.183911] systemd[1]: systemd 237 running in system mode. (+PAM +AUDIT +SELINUX +IMA +APPARMOR +SMACK +SYSVINIT +UTMP +LIBCRYPTSETUP +GCRYPT +GNUTLS +ACL +XZ +LZ4 +SECCOMP +BLKID +ELFUTILS +KMOD -IDN2 +IDN -PCRE2 default-hierarchy=hybrid)
[    6.192920] systemd[1]: Detected virtualization oracle.
[    6.194592] systemd[1]: Detected architecture x86-64.

Welcome to [1mUbuntu 18.04.6 LTS[0m!

[    6.230640] systemd[1]: Set hostname to <ubuntu>.
[    6.243875] systemd[1]: Initializing machine ID from random generator.
[    6.246537] systemd[1]: Installed transient /etc/machine-id file.
[    7.091281] random: crng init done
[    7.093678] random: 7 urandom warning(s) missed due to ratelimiting
[    7.230483] systemd[1]: Reached target User and Group Name Lookups.
[[0;32m  OK  [0m] Reached target User and Group Name Lookups.
[    7.234649] systemd[1]: Reached target System Time Synchronized.
[[0;32m  OK  [0m] Reached target System Time Synchronized.
[    7.238486] systemd[1]: Started Forward Password Requests to Wall Directory Watch.
[[0;32m  OK  [0m] Started Forward Password Requests to Wall Directory Watch.
[    7.246080] systemd[1]: Created slice System Slice.
[[0;32m  OK  [0m] Created slice System Slice.
[[0;32m  OK  [0m] Listening on udev Control Socket.
[[0;32m  OK  [0m] Created slice system-serial\x2dgetty.slice.
[[0;32m  OK  [0m] Listening on fsck to fsckd communication Socket.
[[0;32m  OK  [0m] Listening on Syslog Socket.
[[0;32m  OK  [0m] Listening on /dev/initctl Compatibility Named Pipe.
[[0;32m  OK  [0m] Listening on LVM2 metadata daemon socket.
[[0;32m  OK  [0m] Listening on udev Kernel Socket.
[[0;32m  OK  [0m] Listening on LVM2 poll daemon socket.
[[0;32m  OK  [0m] Created slice User and Session Slice.
[[0;32m  OK  [0m] Listening on Network Service Netlink Socket.
[[0;32m  OK  [0m] Set up automount Arbitrary Executab…rmats File System Automount Point.
[[0;32m  OK  [0m] Listening on Journal Socket.
         Starting File System Check on Root Device...
         Mounting Huge Pages File System...
         Starting Set the console keyboard layout...
         Starting udev Coldplug all Devices...
         Starting Create list of required st…ce nodes for the current kernel...
         Mounting POSIX Message Queue File System...
[[0;32m  OK  [0m] Reached target Swap.
[[0;32m  OK  [0m] Listening on Journal Audit Socket.
[[0;32m  OK  [0m] Listening on Device-mapper event daemon FIFOs.
         Starting Monitoring of LVM2 mirrors…ng dmeventd or progress polling...
[[0;32m  OK  [0m] Listening on Journal Socket (/dev/log).
         Starting Journal Service...
         Starting Uncomplicated firewall...
[[0;32m  OK  [0m] Reached target Slices.
         Mounting Kernel Debug File System...
         Starting Load Kernel Modules...
[[0;32m  OK  [0m] Mounted Huge Pages File System.
[[0;32m  OK  [0m] Mounted POSIX Message Queue File System.
[[0;32m  OK  [0m] Mounted Kernel Debug File System.
[[0;32m  OK  [0m] Started File System Check Daemon to report status.
[[0;32m  OK  [0m] Started Create list of required sta…vice nodes for the current kernel.
         Starting Create Static Device Nodes in /dev...
[[0;32m  OK  [0m] Started File System Check on Root Device.
         Starting Remount Root and Kernel File Systems...
[[0;32m  OK  [0m] Started LVM2 metadata daemon.
[[0;32m  OK  [0m] Started udev Coldplug all Devices.
[[0;32m  OK  [0m] Started Journal Service.
[    7.624935] Loading iSCSI transport class v2.0-870.
[[0;32m  OK  [0m] Started Uncomplicated firewall.
[    7.724544] EXT4-fs (sda1): re-mounted. Opts: (null)
[[0;32m  OK  [0m] Started Remount Root and Kernel File Systems.
[    7.738372] iscsi: registered transport (tcp)
         Starting Flush Journal to Persistent Storage...
         Starting Load/Save Random Seed...
[[0;32m  OK  [0m] Started Monitoring of LVM2 mirrors,…sing dmeventd or progress polling.
[[0;32m  OK  [0m] Started Create Static Device Nodes in /dev.
         Starting udev Kernel Device Manager...
[    7.840806] iscsi: registered transport (iser)
[[0;32m  OK  [0m] Started Load Kernel Modules.
         Mounting FUSE Control File System...
         Mounting Kernel Configuration File System...
         Starting Apply Kernel Variables...
[[0;32m  OK  [0m] Mounted FUSE Control File System.
[[0;32m  OK  [0m] Mounted Kernel Configuration File System.
[    7.866908] systemd-journald[423]: Received request to flush runtime journal from PID 1
[[0;32m  OK  [0m] Started Load/Save Random Seed.
[[0;32m  OK  [0m] Started udev Kernel Device Manager.
[[0;32m  OK  [0m] Started Apply Kernel Variables.
[[0;32m  OK  [0m] Started Flush Journal to Persistent Storage.
[[0;32m  OK  [0m] Found device /dev/ttyS0.
[[0;32m  OK  [0m] Listening on Load/Save RF Kill Switch Status /dev/rfkill Watch.
[[0;32m  OK  [0m] Started Set the console keyboard layout.
[[0;32m  OK  [0m] Started Dispatch Password Requests to Console Directory Watch.
[[0;32m  OK  [0m] Reached target Local Encrypted Volumes.
[[0;32m  OK  [0m] Reached target Local File Systems (Pre).
[[0;32m  OK  [0m] Reached target Local File Systems.
         Starting Set console font and keymap...
         Starting ebtables ruleset management...
         Starting Tell Plymouth To Write Out Runtime Data...
         Starting Create Volatile Files and Directories...
         Starting Commit a transient machine-id on disk...
         Starting AppArmor initialization...
[[0;32m  OK  [0m] Started Set console font and keymap.
[[0;32m  OK  [0m] Started Tell Plymouth To Write Out Runtime Data.
[[0;32m  OK  [0m] Started Create Volatile Files and Directories.
         Starting Update UTMP about System Boot/Shutdown...
[[0;32m  OK  [0m] Started Update UTMP about System Boot/Shutdown.
[[0;32m  OK  [0m] Started Commit a transient machine-id on disk.
[[0;32m  OK  [0m] Started ebtables ruleset management.
[[0;32m  OK  [0m] Started AppArmor initialization.
         Starting Load AppArmor profiles managed internally by snapd...
         Starting Initial cloud-init job (pre-networking)...
[[0;32m  OK  [0m] Started Load AppArmor profiles managed internally by snapd.
[   14.258239] cloud-init[698]: Cloud-init v. 21.4-0ubuntu1~18.04.1 running 'init-local' at Tue, 26 Apr 2022 22:12:07 +0000. Up 13.49 seconds.
[[0;32m  OK  [0m] Started Initial cloud-init job (pre-networking).
[[0;32m  OK  [0m] Reached target Network (Pre).
         Starting Network Service...
[[0;32m  OK  [0m] Started Network Service.
         Starting Network Name Resolution...
         Starting Wait for Network to be Configured...
[[0;32m  OK  [0m] Started Network Name Resolution.
[[0;32m  OK  [0m] Reached target Host and Network Name Lookups.
[[0;32m  OK  [0m] Reached target Network.
[[0;32m  OK  [0m] Started Wait for Network to be Configured.
         Starting Initial cloud-init job (metadata service crawler)...
[   16.524952] cloud-init[837]: Cloud-init v. 21.4-0ubuntu1~18.04.1 running 'init' at Tue, 26 Apr 2022 22:12:10 +0000. Up 16.28 seconds.
[   16.527219] cloud-init[837]: ci-info: ++++++++++++++++++++++++++++++++++++++Net device info+++++++++++++++++++++++++++++++++++++++
[   16.529606] cloud-init[837]: ci-info: +--------+-------+----------------------------+---------------+--------+-------------------+
[   16.532116] cloud-init[837]: ci-info: | Device |   Up  |          Address           |      Mask     | Scope  |     Hw-Address    |
[   16.534565] cloud-init[837]: ci-info: +--------+-------+----------------------------+---------------+--------+-------------------+
[   16.536921] cloud-init[837]: ci-info: | enp0s3 |  True |         10.0.2.15          | 255.255.255.0 | global | 02:c8:d3:21:ca:c6 |
[   16.539230] cloud-init[837]: ci-info: | enp0s3 |  True | fe80::c8:d3ff:fe21:cac6/64 |       .       |  link  | 02:c8:d3:21:ca:c6 |
[   16.541488] cloud-init[837]: ci-info: | enp0s8 | False |             .              |       .       |   .    | 08:00:27:1a:c8:96 |
[   16.543782] cloud-init[837]: ci-info: |   lo   |  True |         127.0.0.1          |   255.0.0.0   |  host  |         .         |
[   16.546104] cloud-init[837]: ci-info: |   lo   |  True |          ::1/128           |       .       |  host  |         .         |
[   16.548401] cloud-init[837]: ci-info: +--------+-------+----------------------------+---------------+--------+-------------------+
[   16.550713] cloud-init[837]: ci-info: ++++++++++++++++++++++++++++Route IPv4 info+++++++++++++++++++++++++++++
[   16.552620] cloud-init[837]: ci-info: +-------+-------------+----------+-----------------+-----------+-------+
[   16.554730] cloud-init[837]: ci-info: | Route | Destination | Gateway  |     Genmask     | Interface | Flags |
[   16.556737] cloud-init[837]: ci-info: +-------+-------------+----------+-----------------+-----------+-------+
[   16.558681] cloud-init[837]: ci-info: |   0   |   0.0.0.0   | 10.0.2.2 |     0.0.0.0     |   enp0s3  |   UG  |
[   16.560691] cloud-init[837]: ci-info: |   1   |   10.0.2.0  | 0.0.0.0  |  255.255.255.0  |   enp0s3  |   U   |
[   16.562636] cloud-init[837]: ci-info: |   2   |   10.0.2.2  | 0.0.0.0  | 255.255.255.255 |   enp0s3  |   UH  |
[   16.564636] cloud-init[837]: ci-info: +-------+-------------+----------+-----------------+-----------+-------+
[   16.566635] cloud-init[837]: ci-info: +++++++++++++++++++Route IPv6 info+++++++++++++++++++
[   16.568341] cloud-init[837]: ci-info: +-------+-------------+---------+-----------+-------+
[   16.570022] cloud-init[837]: ci-info: | Route | Destination | Gateway | Interface | Flags |
[   16.571943] cloud-init[837]: ci-info: +-------+-------------+---------+-----------+-------+
[   16.573714] cloud-init[837]: ci-info: |   1   |  fe80::/64  |    ::   |   enp0s3  |   U   |
[   16.575553] cloud-init[837]: ci-info: |   3   |    local    |    ::   |   enp0s3  |   U   |
[   16.577567] cloud-init[837]: ci-info: |   4   |   ff00::/8  |    ::   |   enp0s3  |   U   |
[   16.579512] cloud-init[837]: ci-info: +-------+-------------+---------+-----------+-------+
[   18.425412] cloud-init[837]: Generating public/private rsa key pair.
[   18.428309] cloud-init[837]: Your identification has been saved in /etc/ssh/ssh_host_rsa_key.
[   18.430765] cloud-init[837]: Your public key has been saved in /etc/ssh/ssh_host_rsa_key.pub.
[   18.432930] cloud-init[837]: The key fingerprint is:
[   18.434306] cloud-init[837]: SHA256:IbLm6ZksJxhg/d0yds0NyZeXEgbWnBQ5VNJ44Uy03AI root@ubuntu-bionic
[   18.436715] cloud-init[837]: The key's randomart image is:
[   18.438107] cloud-init[837]: +---[RSA 2048]----+
[   18.439292] cloud-init[837]: |           oE=O=.|
[   18.448481] cloud-init[837]: |          .  @*oo|
[   18.449802] cloud-init[837]: |  . . . . . o *=o|
[   18.450966] cloud-init[837]: |.. . o . . + + + |
[   18.460460] cloud-init[837]: |o   + . S o + o  |
[   18.461703] cloud-init[837]: |.  o o = o o .   |
[   18.464012] cloud-init[837]: | o  o . +        |
[   18.465423] cloud-init[837]: |. oo.o           |
[   18.466476] cloud-init[837]: |   +=            |
[   18.467492] cloud-init[837]: +----[SHA256]-----+
[   18.468518] cloud-init[837]: Generating public/private dsa key pair.
[   18.470021] cloud-init[837]: Your identification has been saved in /etc/ssh/ssh_host_dsa_key.
[   18.471890] cloud-init[837]: Your public key has been saved in /etc/ssh/ssh_host_dsa_key.pub.
[   18.474276] cloud-init[837]: The key fingerprint is:
[   18.475678] cloud-init[837]: SHA256:BajqiDCbzKsUA0oopfukx+IRChIvn/KFZA8pC9iBejU root@ubuntu-bionic
[   18.478602] cloud-init[837]: The key's randomart image is:
[   18.480275] cloud-init[837]: +---[DSA 1024]----+
[   18.481681] cloud-init[837]: |  .    ..        |
[   18.482787] cloud-init[837]: |.+    .  .       |
[   18.483965] cloud-init[837]: |B.. E.    .      |
[   18.485236] cloud-init[837]: |B= +..   .       |
[   18.486410] cloud-init[837]: |@+X.    S        |
[   18.487538] cloud-init[837]: |B&==             |
[   18.488686] cloud-init[837]: |@OB o            |
[   18.489752] cloud-init[837]: |BBo.             |
[   18.490971] cloud-init[837]: |ooo              |
[   18.504500] cloud-init[837]: +----[SHA256]-----+
[   18.516405] cloud-init[837]: Generating public/private ecdsa key pair.
[   18.517827] cloud-init[837]: Your identification has been saved in /etc/ssh/ssh_host_ecdsa_key.
[   18.519684] cloud-init[837]: Your public key has been saved in /etc/ssh/ssh_host_ecdsa_key.pub.
[   18.521569] cloud-init[837]: The key fingerprint is:
[   18.522653] cloud-init[837]: SHA256:PtdQsj/CPMDkt9maBTVAp90lwcpToVgBR1psQzS1B80 root@ubuntu-bionic
[   18.524878] cloud-init[837]: The key's randomart image is:
[   18.526884] cloud-init[837]: +---[ECDSA 256]---+
[   18.528346] cloud-init[837]: |         .+*@+*=.|
[   18.540477] cloud-init[837]: |           @++o=E|
[   18.541595] cloud-init[837]: |        . =o*+o .|
[   18.542883] cloud-init[837]: |       +   =+. . |
[   18.544311] cloud-init[837]: |        S =  .   |
[   18.560347] cloud-init[837]: |       . = O     |
[   18.561742] cloud-init[837]: |        o O *    |
[   18.563545] cloud-init[837]: |         o * .   |
[   18.564970] cloud-init[837]: |          o      |
[   18.566251] cloud-init[837]: +----[SHA256]-----+
[   18.567433] cloud-init[837]: Generating public/private ed25519 key pair.
[   18.569189] cloud-init[837]: Your identification has been saved in /etc/ssh/ssh_host_ed25519_key.
[   18.571137] cloud-init[837]: Your public key has been saved in /etc/ssh/ssh_host_ed25519_key.pub.
[   18.584441] cloud-init[837]: The key fingerprint is:
[[   18.600314] cloud-init[837]: SHA256:MrtdgxcNKcfAWfvx0kiEdDpeSRPYVMP3YUoPczHx4kc root@ubuntu-bionic
[   18.600479] cloud-init[837]: The key's randomart image is:
[   18.601282] cloud-init[837]: +--[ED25519 256]--+
[   18.602166] cloud-init[837]: |       ..+o=B+o+o|
[0;32m  OK  [0m] Started Initial cloud-init job (metadata service crawler).[   18.602902] 
cloud-init[837]: |        oooB.*.=+|
[   18.607513] cloud-init[837]: |        . O * O.E|
[   18.608741] cloud-init[837]: |         + B B +.|
[   18.610132] cloud-init[837]: |      o S o = + .|
[   18.610337] cloud-init[837]: |       + . . . . |
[   18.611299] cloud-init[837]: |      . . +      |
[   18.612544] cloud-init[837]: |       o o .     |
[   18.613712] cloud-init[837]: |      . .        |
[   18.614441] cloud-init[837]: +----[SHA256]-----+
[[0;32m  OK  [0m] Reached target System Initialization.
[[0;32m  OK  [0m] Started Message of the Day.
[[0;32m  OK  [0m] Started Ubuntu Advantage Timer for running repeated jobs.
         Starting Socket activation for snappy daemon.
[[0;32m  OK  [0m] Listening on D-Bus System Message Bus Socket.
[[0;32m  OK  [0m] Listening on Open-iSCSI iscsid Socket.
         Starting LXD - unix socket.
[[0;32m  OK  [0m] Started Trigger to poll for Ubuntu …(Only enabled on GCP LTS non-pro).
[[0;32m  OK  [0m] Started Daily Cleanup of Temporary Directories.
[[0;32m  OK  [0m] Listening on cloud-init hotplug hook socket.
[[0;32m  OK  [0m] Listening on UUID daemon activation socket.
[[0;32m  OK  [0m] Started Daily apt download activities.
[[0;32m  OK  [0m] Started Discard unused blocks once a week.
[[0;32m  OK  [0m] Started ACPI Events Check.
[[0;32m  OK  [0m] Reached target Paths.
[[0;32m  OK  [0m] Listening on ACPID Listen Socket.
[[0;32m  OK  [0m] Started Daily apt upgrade and clean activities.
[[0;32m  OK  [0m] Reached target Timers.
[[0;32m  OK  [0m] Reached target Cloud-config availability.
[[0;32m  OK  [0m] Reached target Network is Online.
[[0;32m  OK  [0m] Reached target Remote File Systems (Pre).
[[0;32m  OK  [0m] Reached target Remote File Systems.
         Starting Availability of block devices...
[[0;32m  OK  [0m] Listening on Socket activation for snappy daemon.
[[0;32m  OK  [0m] Listening on LXD - unix socket.
[[0;32m  OK  [0m] Reached target Sockets.
[[0;32m  OK  [0m] Reached target Basic System.
[[0;32m  OK  [0m] Started D-Bus System Message Bus.
         Starting Login Service...
         Starting Accounts Service...
[[0;32m  OK  [0m] Started FUSE filesystem for LXC.
         Starting System Logging Service...
         Starting Permit User Sessions...
         Starting Pollinate to seed the pseudo random number generator...
[[0;32m  OK  [0m] Started irqbalance daemon.
[[0;32m  OK  [0m] Started Deferred execution scheduler.
[[0;32m  OK  [0m] Started Regular background program processing daemon.
         Starting LXD - container startup/shutdown...
         Starting LSB: Record successful boot for GRUB...
         Starting Dispatcher daemon for systemd-networkd...
         Starting Virtualbox guest utils...
         Starting LSB: automatic crash report generation...
         Starting Snap Daemon...
[[0;32m  OK  [0m] Started System Logging Service.
[[0;32m  OK  [0m] Started Availability of block devices.
[[0;32m  OK  [0m] Started Permit User Sessions.
[[0;32m  OK  [0m] Started Login Service.
         Starting Authorization Manager...
[[0;32m  OK  [0m] Started Unattended Upgrades Shutdown.
         Starting Terminate Plymouth Boot Screen...
         Starting Hold until boot process finishes up...
[[0;32m  OK  [0m] Started Terminate Plymouth Boot Screen.
[[0;32m  OK  [0m] Started Hold until boot process finishes up.
[[0;32m  OK  [0m] Started Serial Getty on ttyS0.
         Starting Set console scheme...
[[0;32m  OK  [0m] Started Set console scheme.
[[0;32m  OK  [0m] Created slice system-getty.slice.
[[0;32m  OK  [0m] Started Getty on tty1.
[[0;32m  OK  [0m] Reached target Login Prompts.
[[0;32m  OK  [0m] Started LSB: automatic crash report generation.
[[0;32m  OK  [0m] Started LSB: Record successful boot for GRUB.
[[0;32m  OK  [0m] Started Authorization Manager.
[[0;32m  OK  [0m] Started Accounts Service.
[[0;32m  OK  [0m] Started Virtualbox guest utils.
[[0;32m  OK  [0m] Started Dispatcher daemon for systemd-networkd.

Ubuntu 18.04.6 LTS ubuntu-bionic ttyS0

ubuntu-bionic login: [   33.658642] cloud-init[1558]: Cloud-init v. 21.4-0ubuntu1~18.04.1 running 'modules:config' at Tue, 26 Apr 2022 22:12:26 +0000. Up 31.91 seconds.
ci-info: no authorized SSH keys fingerprints found for user ubuntu.
<14>Apr 26 22:12:29 cloud-init: #############################################################
<14>Apr 26 22:12:29 cloud-init: -----BEGIN SSH HOST KEY FINGERPRINTS-----
<14>Apr 26 22:12:29 cloud-init: 1024 SHA256:BajqiDCbzKsUA0oopfukx+IRChIvn/KFZA8pC9iBejU root@ubuntu-bionic (DSA)
<14>Apr 26 22:12:29 cloud-init: 256 SHA256:PtdQsj/CPMDkt9maBTVAp90lwcpToVgBR1psQzS1B80 root@ubuntu-bionic (ECDSA)
<14>Apr 26 22:12:29 cloud-init: 256 SHA256:MrtdgxcNKcfAWfvx0kiEdDpeSRPYVMP3YUoPczHx4kc root@ubuntu-bionic (ED25519)
<14>Apr 26 22:12:29 cloud-init: 2048 SHA256:IbLm6ZksJxhg/d0yds0NyZeXEgbWnBQ5VNJ44Uy03AI root@ubuntu-bionic (RSA)
<14>Apr 26 22:12:29 cloud-init: -----END SSH HOST KEY FINGERPRINTS-----
<14>Apr 26 22:12:29 cloud-init: #############################################################
-----BEGIN SSH HOST KEY KEYS-----
ecdsa-sha2-nistp256 AAAAE2VjZHNhLXNoYTItbmlzdHAyNTYAAAAIbmlzdHAyNTYAAABBBDr3cZHr0j79qKWRyxbjVBD3gdkuvYOCoKNEPYUYCRE2JvEg5+O1OVTnZu948ueOXezc0Yx105BoC7LjUzC1AlI= root@ubuntu-bionic
ssh-ed25519 AAAAC3NzaC1lZDI1NTE5AAAAIIxSTTcU1tQJM6CUb5I9lA/NZ4lz4jCY8f+i7jG7oYG5 root@ubuntu-bionic
ssh-rsa AAAAB3NzaC1yc2EAAAADAQABAAABAQDK49GsfdR+dnxNnU4w6at+Bmg9lOc0h8EJ2qwc3UGGQxR+gawaKb436/2H2pQxfpkiYoSUBiLnO43ZlRhQiKSnzcZ0CKYhuMIeMWRW2N+Q9wWotB7T1aB6fuTq9BaWrJ5zIOhMy4ysGPEiqEXhQUc75Z3QL5y1cbCxCcgmnSbPF2mPL1QpgpAo3b8ebWagoKSGxgKt2Q3oK6p5z2heqeAjMxnHn4nw4jHf27qdNGEbrzUOUTQpHu2KWzGcw3HewVHJfSrM3g285/ryy4nn4YWBmVduWTPZvqVvPjbOs27UIt9mIQK9M4je/dYA7fjWm1k7PqQjHHW4G3BAAuOmHMtR root@ubuntu-bionic
-----END SSH HOST KEY KEYS-----
[   35.303589] cloud-init[1676]: Cloud-init v. 21.4-0ubuntu1~18.04.1 running 'modules:final' at Tue, 26 Apr 2022 22:12:28 +0000. Up 34.67 seconds.
[   35.304010] cloud-init[1676]: ci-info: no authorized SSH keys fingerprints found for user ubuntu.
[   35.304763] cloud-init[1676]: Cloud-init v. 21.4-0ubuntu1~18.04.1 finished at Tue, 26 Apr 2022 22:12:29 +0000. Datasource DataSourceNoCloud [seed=/dev/sdb][dsmode=net].  Up 35.27 seconds
